<?xml version="1.0" encoding="UTF-8"?>
<<<<<<< HEAD
<testsuite xmlns:xsi="http://www.w3.org/2001/XMLSchema-instance" xsi:noNamespaceSchemaLocation="https://maven.apache.org/surefire/maven-surefire-plugin/xsd/surefire-test-report.xsd" name="subject.GraphMakerTest" time="2.02" tests="4" errors="0" skipped="0" failures="0">
=======
<testsuite xmlns:xsi="http://www.w3.org/2001/XMLSchema-instance" xsi:noNamespaceSchemaLocation="https://maven.apache.org/surefire/maven-surefire-plugin/xsd/surefire-test-report.xsd" name="subject.GraphMakerTest" time="1.147" tests="4" errors="0" skipped="0" failures="0">
>>>>>>> d4566d0f4ab64c0b3f9fb2fe19f54ef9ab0c837a
  <properties>
    <property name="java.specification.version" value="17"/>
    <property name="sun.jnu.encoding" value="UTF-8"/>
    <property name="java.class.path" value="/Users/aimpert/Documents/School/Spring2022/cmpt276/project/project/Phase 2/RaccoonGame/target/test-classes:/Users/aimpert/Documents/School/Spring2022/cmpt276/project/project/Phase 2/RaccoonGame/target/classes:/Users/aimpert/.m2/repository/junit/junit/4.13.2/junit-4.13.2.jar:/Users/aimpert/.m2/repository/org/hamcrest/hamcrest-core/1.3/hamcrest-core-1.3.jar:"/>
    <property name="java.vm.vendor" value="Eclipse Adoptium"/>
    <property name="sun.arch.data.model" value="64"/>
    <property name="java.vendor.url" value="https://adoptium.net/"/>
    <property name="os.name" value="Mac OS X"/>
    <property name="java.vm.specification.version" value="17"/>
    <property name="sun.java.launcher" value="SUN_STANDARD"/>
    <property name="user.country" value="CA"/>
<<<<<<< HEAD
    <property name="sun.boot.library.path" value="/Library/Java/JavaVirtualMachines/temurin-17.jdk/Contents/Home/lib"/>
    <property name="sun.java.command" value="/Users/aimpert/Documents/School/Spring2022/cmpt276/project/project/Phase 2/RaccoonGame/target/surefire/surefirebooter11510462882415763569.jar /Users/aimpert/Documents/School/Spring2022/cmpt276/project/project/Phase 2/RaccoonGame/target/surefire 2022-04-04T20-45-08_668-jvmRun1 surefire12544735432715248418tmp surefire_05142668899458299789tmp"/>
    <property name="http.nonProxyHosts" value="local|*.local|169.254/16|*.169.254/16"/>
=======
    <property name="sun.boot.library.path" value="C:\Users\Ryan\AppData\Local\Programs\Eclipse Adoptium\jdk-17.0.1.12-hotspot\bin"/>
    <property name="sun.java.command" value="C:\Users\Ryan\AppData\Local\Temp\surefire5066318940495070816\surefirebooter16335552833570665178.jar C:\Users\Ryan\AppData\Local\Temp\surefire5066318940495070816 2022-04-04T20-35-22_308-jvmRun1 surefire4266624219894489771tmp surefire_0955294745584116059tmp"/>
>>>>>>> d4566d0f4ab64c0b3f9fb2fe19f54ef9ab0c837a
    <property name="jdk.debug" value="release"/>
    <property name="surefire.test.class.path" value="/Users/aimpert/Documents/School/Spring2022/cmpt276/project/project/Phase 2/RaccoonGame/target/test-classes:/Users/aimpert/Documents/School/Spring2022/cmpt276/project/project/Phase 2/RaccoonGame/target/classes:/Users/aimpert/.m2/repository/junit/junit/4.13.2/junit-4.13.2.jar:/Users/aimpert/.m2/repository/org/hamcrest/hamcrest-core/1.3/hamcrest-core-1.3.jar:"/>
    <property name="sun.cpu.endian" value="little"/>
    <property name="user.home" value="/Users/aimpert"/>
    <property name="user.language" value="en"/>
    <property name="java.specification.vendor" value="Oracle Corporation"/>
    <property name="java.version.date" value="2022-01-18"/>
    <property name="java.home" value="/Library/Java/JavaVirtualMachines/temurin-17.jdk/Contents/Home"/>
    <property name="file.separator" value="/"/>
    <property name="basedir" value="/Users/aimpert/Documents/School/Spring2022/cmpt276/project/project/Phase 2/RaccoonGame"/>
    <property name="java.vm.compressedOopsMode" value="Zero based"/>
    <property name="line.separator" value="&#10;"/>
    <property name="java.vm.specification.vendor" value="Oracle Corporation"/>
    <property name="java.specification.name" value="Java Platform API Specification"/>
<<<<<<< HEAD
    <property name="surefire.real.class.path" value="/Users/aimpert/Documents/School/Spring2022/cmpt276/project/project/Phase 2/RaccoonGame/target/surefire/surefirebooter11510462882415763569.jar"/>
=======
    <property name="surefire.real.class.path" value="C:\Users\Ryan\AppData\Local\Temp\surefire5066318940495070816\surefirebooter16335552833570665178.jar"/>
    <property name="user.script" value=""/>
>>>>>>> d4566d0f4ab64c0b3f9fb2fe19f54ef9ab0c837a
    <property name="sun.management.compiler" value="HotSpot 64-Bit Tiered Compilers"/>
    <property name="ftp.nonProxyHosts" value="local|*.local|169.254/16|*.169.254/16"/>
    <property name="java.runtime.version" value="17.0.2+8"/>
    <property name="user.name" value="aimpert"/>
    <property name="path.separator" value=":"/>
    <property name="os.version" value="11.4"/>
    <property name="java.runtime.name" value="OpenJDK Runtime Environment"/>
    <property name="file.encoding" value="UTF-8"/>
    <property name="java.vm.name" value="OpenJDK 64-Bit Server VM"/>
    <property name="java.vendor.version" value="Temurin-17.0.2+8"/>
    <property name="localRepository" value="/Users/aimpert/.m2/repository"/>
    <property name="java.vendor.url.bug" value="https://github.com/adoptium/adoptium-support/issues"/>
    <property name="java.io.tmpdir" value="/var/folders/85/5bsdjzmn2w5bmc74wq0p91wr0000gn/T/"/>
    <property name="idea.version" value="2021.3.2"/>
    <property name="java.version" value="17.0.2"/>
    <property name="user.dir" value="/Users/aimpert/Documents/School/Spring2022/cmpt276/project/project/Phase 2/RaccoonGame"/>
    <property name="os.arch" value="x86_64"/>
    <property name="java.vm.specification.name" value="Java Virtual Machine Specification"/>
    <property name="native.encoding" value="UTF-8"/>
    <property name="java.library.path" value="/Users/aimpert/Library/Java/Extensions:/Library/Java/Extensions:/Network/Library/Java/Extensions:/System/Library/Java/Extensions:/usr/lib/java:."/>
    <property name="java.vm.info" value="mixed mode, sharing"/>
    <property name="java.vendor" value="Eclipse Adoptium"/>
    <property name="java.vm.version" value="17.0.2+8"/>
    <property name="sun.io.unicode.encoding" value="UnicodeBig"/>
    <property name="socksNonProxyHosts" value="local|*.local|169.254/16|*.169.254/16"/>
    <property name="java.class.version" value="61.0"/>
  </properties>
<<<<<<< HEAD
  <testcase name="graphDirectionFill" classname="subject.GraphMakerTest" time="0.913"/>
  <testcase name="find" classname="subject.GraphMakerTest" time="0.317"/>
  <testcase name="print" classname="subject.GraphMakerTest" time="0.413"/>
  <testcase name="makeGraph" classname="subject.GraphMakerTest" time="0.337"/>
=======
  <testcase name="graphDirectionFill" classname="subject.GraphMakerTest" time="0.276"/>
  <testcase name="find" classname="subject.GraphMakerTest" time="0.289"/>
  <testcase name="print" classname="subject.GraphMakerTest" time="0.294"/>
  <testcase name="makeGraph" classname="subject.GraphMakerTest" time="0.288"/>
>>>>>>> d4566d0f4ab64c0b3f9fb2fe19f54ef9ab0c837a
</testsuite>