<?xml version="1.0" encoding="UTF-8"?>
<<<<<<< HEAD
<testsuite xmlns:xsi="http://www.w3.org/2001/XMLSchema-instance" xsi:noNamespaceSchemaLocation="https://maven.apache.org/surefire/maven-surefire-plugin/xsd/surefire-test-report.xsd" name="main.ObjectHandlerTest" time="0.413" tests="1" errors="0" skipped="0" failures="0">
=======
<testsuite xmlns:xsi="http://www.w3.org/2001/XMLSchema-instance" xsi:noNamespaceSchemaLocation="https://maven.apache.org/surefire/maven-surefire-plugin/xsd/surefire-test-report.xsd" name="main.ObjectHandlerTest" time="0.366" tests="1" errors="0" skipped="0" failures="0">
>>>>>>> 590218a76390bb8bbcf04675994db4b54bb306b2
  <properties>
    <property name="java.specification.version" value="17"/>
    <property name="sun.cpu.isalist" value="amd64"/>
    <property name="sun.jnu.encoding" value="Cp1252"/>
    <property name="java.class.path" value="C:\Users\dgtut\Desktop\Spring 2022\project\Phase 2\RaccoonGame\target\test-classes;C:\Users\dgtut\Desktop\Spring 2022\project\Phase 2\RaccoonGame\target\classes;C:\Users\dgtut\.m2\repository\junit\junit\4.13.2\junit-4.13.2.jar;C:\Users\dgtut\.m2\repository\org\hamcrest\hamcrest-core\1.3\hamcrest-core-1.3.jar;"/>
    <property name="java.vm.vendor" value="Oracle Corporation"/>
    <property name="sun.arch.data.model" value="64"/>
    <property name="user.variant" value=""/>
    <property name="java.vendor.url" value="https://java.oracle.com/"/>
    <property name="user.timezone" value="America/Vancouver"/>
    <property name="os.name" value="Windows 10"/>
    <property name="java.vm.specification.version" value="17"/>
    <property name="sun.java.launcher" value="SUN_STANDARD"/>
<<<<<<< HEAD
    <property name="user.country" value="CA"/>
    <property name="sun.boot.library.path" value="/Library/Java/JavaVirtualMachines/temurin-17.jdk/Contents/Home/lib"/>
    <property name="sun.java.command" value="/Users/aimpert/Documents/School/Spring2022/cmpt276/project/project/Phase 2/RaccoonGame/target/surefire/surefirebooter6559293606064470755.jar /Users/aimpert/Documents/School/Spring2022/cmpt276/project/project/Phase 2/RaccoonGame/target/surefire 2022-04-03T16-24-30_318-jvmRun1 surefire8893670304125812423tmp surefire_016036806150025420233tmp"/>
    <property name="http.nonProxyHosts" value="local|*.local|169.254/16|*.169.254/16"/>
=======
    <property name="user.country" value="US"/>
    <property name="sun.boot.library.path" value="C:\Users\dgtut\.jdks\openjdk-17.0.2\bin"/>
    <property name="sun.java.command" value="C:\Users\dgtut\AppData\Local\Temp\surefire4192671869428701630\surefirebooter402812812740948988.jar C:\Users\dgtut\AppData\Local\Temp\surefire4192671869428701630 2022-04-03T02-05-03_736-jvmRun1 surefire17322032076098157048tmp surefire_013353607507840731460tmp"/>
>>>>>>> 590218a76390bb8bbcf04675994db4b54bb306b2
    <property name="jdk.debug" value="release"/>
    <property name="surefire.test.class.path" value="C:\Users\dgtut\Desktop\Spring 2022\project\Phase 2\RaccoonGame\target\test-classes;C:\Users\dgtut\Desktop\Spring 2022\project\Phase 2\RaccoonGame\target\classes;C:\Users\dgtut\.m2\repository\junit\junit\4.13.2\junit-4.13.2.jar;C:\Users\dgtut\.m2\repository\org\hamcrest\hamcrest-core\1.3\hamcrest-core-1.3.jar;"/>
    <property name="sun.cpu.endian" value="little"/>
    <property name="user.home" value="C:\Users\dgtut"/>
    <property name="user.language" value="en"/>
    <property name="java.specification.vendor" value="Oracle Corporation"/>
    <property name="java.version.date" value="2022-01-18"/>
    <property name="java.home" value="C:\Users\dgtut\.jdks\openjdk-17.0.2"/>
    <property name="file.separator" value="\"/>
    <property name="basedir" value="C:\Users\dgtut\Desktop\Spring 2022\project\Phase 2\RaccoonGame"/>
    <property name="java.vm.compressedOopsMode" value="Zero based"/>
    <property name="line.separator" value="&#10;"/>
    <property name="java.vm.specification.vendor" value="Oracle Corporation"/>
    <property name="java.specification.name" value="Java Platform API Specification"/>
<<<<<<< HEAD
    <property name="surefire.real.class.path" value="/Users/aimpert/Documents/School/Spring2022/cmpt276/project/project/Phase 2/RaccoonGame/target/surefire/surefirebooter6559293606064470755.jar"/>
=======
    <property name="surefire.real.class.path" value="C:\Users\dgtut\AppData\Local\Temp\surefire4192671869428701630\surefirebooter402812812740948988.jar"/>
    <property name="user.script" value=""/>
>>>>>>> 590218a76390bb8bbcf04675994db4b54bb306b2
    <property name="sun.management.compiler" value="HotSpot 64-Bit Tiered Compilers"/>
    <property name="java.runtime.version" value="17.0.2+8-86"/>
    <property name="user.name" value="dgtut"/>
    <property name="path.separator" value=";"/>
    <property name="os.version" value="10.0"/>
    <property name="java.runtime.name" value="OpenJDK Runtime Environment"/>
    <property name="file.encoding" value="Cp1252"/>
    <property name="java.vm.name" value="OpenJDK 64-Bit Server VM"/>
    <property name="localRepository" value="C:\Users\dgtut\.m2\repository"/>
    <property name="java.vendor.url.bug" value="https://bugreport.java.com/bugreport/"/>
    <property name="java.io.tmpdir" value="C:\Users\dgtut\AppData\Local\Temp\"/>
    <property name="idea.version" value="2021.3.2"/>
    <property name="java.version" value="17.0.2"/>
    <property name="user.dir" value="C:\Users\dgtut\Desktop\Spring 2022\project\Phase 2\RaccoonGame"/>
    <property name="os.arch" value="amd64"/>
    <property name="java.vm.specification.name" value="Java Virtual Machine Specification"/>
    <property name="sun.os.patch.level" value=""/>
    <property name="native.encoding" value="Cp1252"/>
    <property name="java.library.path" value="C:\Users\dgtut\.jdks\openjdk-17.0.2\bin;C:\Windows\Sun\Java\bin;C:\Windows\system32;C:\Windows;C:\Program Files\Common Files\Oracle\Java\javapath;C:\Program Files (x86)\Common Files\Oracle\Java\javapath;C:\Program Files (x86)\Razer\ChromaBroadcast\bin;C:\Program Files\Razer\ChromaBroadcast\bin;C:\Program Files (x86)\Razer Chroma SDK\bin;C:\Program Files\Razer Chroma SDK\bin;C:\Windows\system32;C:\Windows;C:\Windows\System32\Wbem;C:\Windows\System32\WindowsPowerShell\v1.0\;C:\Windows\System32\OpenSSH\;C:\Program Files (x86)\NVIDIA Corporation\PhysX\Common;C:\Program Files\MATLAB\R2021b\bin;C:\Program Files\dotnet\;C:\Program Files\NVIDIA Corporation\NVIDIA NvDLISR;C:\Users\dgtut\AppData\Local\Microsoft\WindowsApps;C:\Program Files\Git\cmd;C:\Users\dgtut\AppData\Local\Microsoft\WindowsApps;;."/>
    <property name="java.vm.info" value="mixed mode, sharing"/>
    <property name="java.vendor" value="Oracle Corporation"/>
    <property name="java.vm.version" value="17.0.2+8-86"/>
    <property name="sun.io.unicode.encoding" value="UnicodeLittle"/>
    <property name="java.class.version" value="61.0"/>
  </properties>
<<<<<<< HEAD
  <testcase name="test_spawnItems" classname="main.ObjectHandlerTest" time="0.413"/>
=======
  <testcase name="test_spawnItems" classname="main.ObjectHandlerTest" time="0.365"/>
>>>>>>> 590218a76390bb8bbcf04675994db4b54bb306b2
</testsuite>